<?xml version="1.0" encoding="UTF-8"?>
<!-- Generated by org.testng.reporters.JUnitReportReporter -->
<testsuite hostname="DESKTOP-MLMLUO6" failures="0" tests="1" name="external.client.NbpApiClientTest" time="0.386" errors="0" timestamp="2021-03-22T22:15:29 CET" skipped="0">
  <testcase classname="external.client.NbpApiClientTest" name="getTableCForDay" time="0.386"/>
  <system-out/>
</testsuite> <!-- external.client.NbpApiClientTest -->
