<?xml version="1.0" encoding="UTF-8"?>
<!-- Generated by org.testng.reporters.JUnitReportReporter -->
<testsuite hostname="DESKTOP-MLMLUO6" failures="0" tests="2" name="external.dao.ExchangeRateDaoTest" time="2.099" errors="0" timestamp="2021-03-22T22:15:29 CET" skipped="0">
  <testcase classname="external.dao.ExchangeRateDaoTest" name="shouldSaveRates" time="2.084"/>
  <system-out/>
  <testcase classname="external.dao.ExchangeRateDaoTest" name="shouldFindByCurrencyAndDate" time="0.015"/>
  <system-out/>
</testsuite> <!-- external.dao.ExchangeRateDaoTest -->
