<?xml version="1.0" encoding="UTF-8"?>
<!-- Generated by org.testng.reporters.JUnitReportReporter -->
<testsuite hostname="DESKTOP-MLMLUO6" failures="0" tests="3" name="external.dao.CurrencyAccountDaoTest" time="0.032" errors="0" timestamp="2021-03-22T22:15:29 CET" skipped="0">
  <testcase classname="external.dao.CurrencyAccountDaoTest" name="shouldDelete" time="0.000"/>
  <system-out/>
  <testcase classname="external.dao.CurrencyAccountDaoTest" name="shouldSaveOrUpdate" time="0.000"/>
  <system-out/>
  <testcase classname="external.dao.CurrencyAccountDaoTest" name="shouldFindById" time="0.032"/>
  <system-out/>
</testsuite> <!-- external.dao.CurrencyAccountDaoTest -->
